<?xml version="1.0" encoding="UTF-8"?>
<!-- Generated by org.testng.reporters.JUnitReportReporter -->
<testsuite hostname="DESKTOP-KMVAA5F" failures="0" tests="8" name="com.Test.Rankmfselenium.Normal_lumpsumNetbankingTest" time="37.964" errors="0" timestamp="2022-10-19T17:49:30 IST" skipped="0">
  <testcase classname="com.Test.Rankmfselenium.Normal_lumpsumNetbankingTest" name="Search_Mutualfund" time="7.224"/>
  <system-out/>
  <testcase classname="com.Test.Rankmfselenium.Normal_lumpsumNetbankingTest" name="enterotpnum" time="4.395"/>
  <system-out/>
  <testcase classname="com.Test.Rankmfselenium.Normal_lumpsumNetbankingTest" name="clickonSigninPage" time="0.371"/>
  <system-out/>
  <testcase classname="com.Test.Rankmfselenium.Normal_lumpsumNetbankingTest" name="click_INVEST" time="2.116"/>
  <system-out/>
  <testcase classname="com.Test.Rankmfselenium.Normal_lumpsumNetbankingTest" name="Select_PaymentMode" time="2.172"/>
  <system-out/>
  <testcase classname="com.Test.Rankmfselenium.Normal_lumpsumNetbankingTest" name="Click_VerifyOTP" time="2.184"/>
  <system-out/>
  <testcase classname="com.Test.Rankmfselenium.Normal_lumpsumNetbankingTest" name="RedirectNetbankingurl" time="16.912"/>
  <system-out/>
  <testcase classname="com.Test.Rankmfselenium.Normal_lumpsumNetbankingTest" name="Click_HomePage" time="2.590"/>
  <system-out/>
</testsuite> <!-- com.Test.Rankmfselenium.Normal_lumpsumNetbankingTest -->
