<?xml version="1.0" encoding="UTF-8"?>
<!-- Generated by org.testng.reporters.JUnitReportReporter -->
<testsuite hostname="DESKTOP-KMVAA5F" failures="0" tests="11" name="com.Test.Rankmfselenium.BasketLumpsum_NEFTTest" time="52.376" errors="0" timestamp="2022-10-19T17:49:30 IST" skipped="0">
  <testcase classname="com.Test.Rankmfselenium.BasketLumpsum_NEFTTest" name="clickonbasketpage" time="4.108"/>
  <system-out/>
  <testcase classname="com.Test.Rankmfselenium.BasketLumpsum_NEFTTest" name="clickon_Enter_UtrNo" time="4.220"/>
  <system-out/>
  <testcase classname="com.Test.Rankmfselenium.BasketLumpsum_NEFTTest" name="show_orderplaced_popup" time="2.577"/>
  <system-out/>
  <testcase classname="com.Test.Rankmfselenium.BasketLumpsum_NEFTTest" name="ClickonVerifyOTP" time="2.184"/>
  <system-out/>
  <testcase classname="com.Test.Rankmfselenium.BasketLumpsum_NEFTTest" name="Clickon_logout" time="3.188"/>
  <system-out/>
  <testcase classname="com.Test.Rankmfselenium.BasketLumpsum_NEFTTest" name="Click_logoutbtn" time="18.885"/>
  <system-out/>
  <testcase classname="com.Test.Rankmfselenium.BasketLumpsum_NEFTTest" name="clickonpaymentmode" time="2.221"/>
  <system-out/>
  <testcase classname="com.Test.Rankmfselenium.BasketLumpsum_NEFTTest" name="Clickonconservative" time="3.655"/>
  <system-out/>
  <testcase classname="com.Test.Rankmfselenium.BasketLumpsum_NEFTTest" name="enterotpnum" time="7.664"/>
  <system-out/>
  <testcase classname="com.Test.Rankmfselenium.BasketLumpsum_NEFTTest" name="clickoninvest" time="3.089"/>
  <system-out/>
  <testcase classname="com.Test.Rankmfselenium.BasketLumpsum_NEFTTest" name="clickonSigninPage" time="0.585"/>
  <system-out/>
</testsuite> <!-- com.Test.Rankmfselenium.BasketLumpsum_NEFTTest -->
