<?xml version="1.0" encoding="UTF-8"?>
<!-- Generated by org.testng.reporters.JUnitReportReporter -->
<testsuite hostname="DESKTOP-KMVAA5F" failures="0" tests="1" name="com.Test.Rankmfselenium.BasketlumpsumOrderNetBankingTest" time="2.583" errors="0" timestamp="2022-12-12T18:16:15 IST" skipped="0">
  <testcase classname="com.Test.Rankmfselenium.BasketlumpsumOrderNetBankingTest" name="clickonSigninPage" time="2.583"/>
  <system-out/>
</testsuite> <!-- com.Test.Rankmfselenium.BasketlumpsumOrderNetBankingTest -->
