<?xml version="1.0" encoding="UTF-8"?>
<!-- Generated by org.testng.reporters.JUnitReportReporter -->
<testsuite hostname="DESKTOP-M8IT876" failures="0" tests="3" name="com.Test.PartnersRankmf.PartnerCRMPageTest" time="120.762" errors="0" timestamp="2025-10-29T12:48:32 IST" skipped="0">
  <testcase classname="com.Test.PartnersRankmf.PartnerCRMPageTest" name="CRM_Tab" time="113.554"/>
  <testcase classname="com.Test.PartnersRankmf.PartnerCRMPageTest" name="LoginButton" time="3.535"/>
  <testcase classname="com.Test.PartnersRankmf.PartnerCRMPageTest" name="clickonLoginpage" time="3.673"/>
</testsuite> <!-- com.Test.PartnersRankmf.PartnerCRMPageTest -->
