<?xml version="1.0" encoding="UTF-8"?>
<!-- Generated by org.testng.reporters.JUnitReportReporter -->
<testsuite hostname="DESKTOP-KMVAA5F" failures="0" tests="12" name="com.Test.Rankmfselenium.BasketSipOrderTest" time="51.083" errors="0" timestamp="2022-11-11T17:05:39 IST" skipped="0">
  <testcase classname="com.Test.Rankmfselenium.BasketSipOrderTest" name="Clickon_cancelsmartsiporder" time="10.017"/>
  <system-out/>
  <testcase classname="com.Test.Rankmfselenium.BasketSipOrderTest" name="clickonbasketpage" time="5.620"/>
  <system-out/>
  <testcase classname="com.Test.Rankmfselenium.BasketSipOrderTest" name="RedirectNetbankingurl" time="3.108"/>
  <system-out/>
  <testcase classname="com.Test.Rankmfselenium.BasketSipOrderTest" name="ClickonVerifyOTP" time="2.162"/>
  <system-out/>
  <testcase classname="com.Test.Rankmfselenium.BasketSipOrderTest" name="clickoninvest" time="3.098"/>
  <system-out/>
  <testcase classname="com.Test.Rankmfselenium.BasketSipOrderTest" name="select_startdate" time="5.854"/>
  <system-out/>
  <testcase classname="com.Test.Rankmfselenium.BasketSipOrderTest" name="Click_logoutbtn" time="3.059"/>
  <system-out/>
  <testcase classname="com.Test.Rankmfselenium.BasketSipOrderTest" name="Clickon_logout" time="3.264"/>
  <system-out/>
  <testcase classname="com.Test.Rankmfselenium.BasketSipOrderTest" name="Clickon_Confrim" time="2.082"/>
  <system-out/>
  <testcase classname="com.Test.Rankmfselenium.BasketSipOrderTest" name="enterotpnum" time="8.191"/>
  <system-out/>
  <testcase classname="com.Test.Rankmfselenium.BasketSipOrderTest" name="clickonSigninPage" time="0.845"/>
  <system-out/>
  <testcase classname="com.Test.Rankmfselenium.BasketSipOrderTest" name="Clickonconservative" time="3.783"/>
  <system-out/>
</testsuite> <!-- com.Test.Rankmfselenium.BasketSipOrderTest -->
