<?xml version="1.0" encoding="UTF-8"?>
<!-- Generated by org.testng.reporters.JUnitReportReporter -->
<testsuite hostname="DESKTOP-KMVAA5F" failures="0" tests="3" name="com.Test.Rankmfselenium.SearchRankmfSchemelistTest" time="53.276" errors="0" timestamp="2023-01-13T15:40:37 IST" skipped="0">
  <testcase classname="com.Test.Rankmfselenium.SearchRankmfSchemelistTest" name="clickonSigninPage" time="2.690"/>
  <system-out/>
  <testcase classname="com.Test.Rankmfselenium.SearchRankmfSchemelistTest" name="Click_HomePage" time="47.316"/>
  <system-out/>
  <testcase classname="com.Test.Rankmfselenium.SearchRankmfSchemelistTest" name="Click_Explorerankmf" time="3.270"/>
  <system-out/>
</testsuite> <!-- com.Test.Rankmfselenium.SearchRankmfSchemelistTest -->
