<?xml version="1.0" encoding="UTF-8"?>
<!-- Generated by org.testng.reporters.JUnitReportReporter -->
<testsuite hostname="DESKTOP-KMVAA5F" failures="0" tests="2" name="com.Test.Rankmfselenium.Timer_STPTest" time="113.102" errors="0" timestamp="2023-01-09T11:09:40 IST" skipped="0">
  <testcase classname="com.Test.Rankmfselenium.Timer_STPTest" name="folio_orderNotcomplete" time="110.428"/>
  <system-out/>
  <testcase classname="com.Test.Rankmfselenium.Timer_STPTest" name="clickonSigninPage" time="2.674"/>
  <system-out/>
</testsuite> <!-- com.Test.Rankmfselenium.Timer_STPTest -->
