<?xml version="1.0" encoding="UTF-8"?>
<!-- Generated by org.testng.reporters.JUnitReportReporter -->
<testsuite hostname="DESKTOP-KMVAA5F" failures="0" tests="15" name="com.Test.Rankmfselenium.NormalSmartsiporderTest" time="51.178" errors="0" timestamp="2022-11-11T17:22:14 IST" skipped="0">
  <testcase classname="com.Test.Rankmfselenium.NormalSmartsiporderTest" name="Clickon_confirmcontinue" time="2.111"/>
  <system-out/>
  <testcase classname="com.Test.Rankmfselenium.NormalSmartsiporderTest" name="Clickon_TotalInvestmentvalue" time="3.469"/>
  <system-out/>
  <testcase classname="com.Test.Rankmfselenium.NormalSmartsiporderTest" name="Click_Investsmartsip" time="3.187"/>
  <system-out/>
  <testcase classname="com.Test.Rankmfselenium.NormalSmartsiporderTest" name="Clickon_logout" time="3.177"/>
  <system-out/>
  <testcase classname="com.Test.Rankmfselenium.NormalSmartsiporderTest" name="ClickonSigninPage" time="0.698"/>
  <system-out/>
  <testcase classname="com.Test.Rankmfselenium.NormalSmartsiporderTest" name="check_VerifyOTP" time="2.232"/>
  <system-out/>
  <testcase classname="com.Test.Rankmfselenium.NormalSmartsiporderTest" name="Click_logoutbtn" time="2.794"/>
  <system-out/>
  <testcase classname="com.Test.Rankmfselenium.NormalSmartsiporderTest" name="check_enterotpnum" time="2.406"/>
  <system-out/>
  <testcase classname="com.Test.Rankmfselenium.NormalSmartsiporderTest" name="InstallementStartdate" time="2.701"/>
  <system-out/>
  <testcase classname="com.Test.Rankmfselenium.NormalSmartsiporderTest" name="Clickon_cancelsmartsiporder" time="9.890"/>
  <system-out/>
  <testcase classname="com.Test.Rankmfselenium.NormalSmartsiporderTest" name="Clickalert" time="2.171"/>
  <system-out/>
  <testcase classname="com.Test.Rankmfselenium.NormalSmartsiporderTest" name="FetchOrderPlaceText_SmartSIP" time="3.107"/>
  <system-out/>
  <testcase classname="com.Test.Rankmfselenium.NormalSmartsiporderTest" name="click_continue" time="7.908"/>
  <system-out/>
  <testcase classname="com.Test.Rankmfselenium.NormalSmartsiporderTest" name="Installementdate" time="3.150"/>
  <system-out/>
  <testcase classname="com.Test.Rankmfselenium.NormalSmartsiporderTest" name="Click_SmartSip" time="2.177"/>
  <system-out/>
</testsuite> <!-- com.Test.Rankmfselenium.NormalSmartsiporderTest -->
