<?xml version="1.0" encoding="UTF-8"?>
<!-- Generated by org.testng.reporters.JUnitReportReporter -->
<testsuite hostname="DESKTOP-KMVAA5F" failures="0" tests="14" name="com.Test.Rankmfselenium.BasketSIPOrder" time="4.700" errors="1" timestamp="2022-10-11T16:30:32 IST" skipped="13">
  <testcase classname="com.Test.Rankmfselenium.BasketSIPOrder" name="Click_SIP" time="0.000">
    <skipped/>
  </testcase> <!-- Click_SIP -->
  <system-out/>
  <testcase classname="com.Test.Rankmfselenium.BasketSIPOrder" name="ClickOn_Quantity" time="0.000">
    <skipped/>
  </testcase> <!-- ClickOn_Quantity -->
  <system-out/>
  <testcase classname="com.Test.Rankmfselenium.BasketSIPOrder" name="SetInitialization" time="4.700">
    <error message="com/Test/Rankmfselenium/BasketSIPOrder (wrong name: com/Test/RANKMFSELENIUM/BasketSipOrder)" type="java.lang.NoClassDefFoundError">
      <![CDATA[java.lang.NoClassDefFoundError: com/Test/Rankmfselenium/BasketSIPOrder (wrong name: com/Test/RANKMFSELENIUM/BasketSipOrder)
at java.base/java.lang.ClassLoader.defineClass1(Native Method)
at java.base/java.lang.ClassLoader.defineClass(ClassLoader.java:1016)
at java.base/java.security.SecureClassLoader.defineClass(SecureClassLoader.java:174)
at java.base/jdk.internal.loader.BuiltinClassLoader.defineClass(BuiltinClassLoader.java:801)
at java.base/jdk.internal.loader.BuiltinClassLoader.findClassOnClassPathOrNull(BuiltinClassLoader.java:699)
at java.base/jdk.internal.loader.BuiltinClassLoader.loadClassOrNull(BuiltinClassLoader.java:622)
at java.base/jdk.internal.loader.BuiltinClassLoader.loadClass(BuiltinClassLoader.java:580)
at java.base/jdk.internal.loader.ClassLoaders$AppClassLoader.loadClass(ClassLoaders.java:178)
at java.base/java.lang.ClassLoader.loadClass(ClassLoader.java:521)
at com.Test.Rankmfselenium.BasketSIPOrder.SetInitialization(BasketSIPOrder.java:32)
at java.base/jdk.internal.reflect.NativeMethodAccessorImpl.invoke0(Native Method)
at java.base/jdk.internal.reflect.NativeMethodAccessorImpl.invoke(NativeMethodAccessorImpl.java:62)
at java.base/jdk.internal.reflect.DelegatingMethodAccessorImpl.invoke(DelegatingMethodAccessorImpl.java:43)
at java.base/java.lang.reflect.Method.invoke(Method.java:566)
at org.testng.internal.MethodInvocationHelper.invokeMethod(MethodInvocationHelper.java:133)
at org.testng.internal.MethodInvocationHelper.invokeMethodConsideringTimeout(MethodInvocationHelper.java:62)
at org.testng.internal.ConfigInvoker.invokeConfigurationMethod(ConfigInvoker.java:385)
at org.testng.internal.ConfigInvoker.invokeConfigurations(ConfigInvoker.java:321)
at org.testng.internal.TestMethodWorker.invokeBeforeClassMethods(TestMethodWorker.java:176)
at org.testng.internal.TestMethodWorker.run(TestMethodWorker.java:122)
at java.base/java.util.ArrayList.forEach(ArrayList.java:1540)
at org.testng.TestRunner.privateRun(TestRunner.java:794)
at org.testng.TestRunner.run(TestRunner.java:596)
at org.testng.SuiteRunner.runTest(SuiteRunner.java:377)
at org.testng.SuiteRunner.runSequentially(SuiteRunner.java:371)
at org.testng.SuiteRunner.privateRun(SuiteRunner.java:332)
at org.testng.SuiteRunner.run(SuiteRunner.java:276)
at org.testng.SuiteRunnerWorker.runSuite(SuiteRunnerWorker.java:53)
at org.testng.SuiteRunnerWorker.run(SuiteRunnerWorker.java:96)
at org.testng.TestNG.runSuitesSequentially(TestNG.java:1212)
at org.testng.TestNG.runSuitesLocally(TestNG.java:1134)
at org.testng.TestNG.runSuites(TestNG.java:1063)
at org.testng.TestNG.run(TestNG.java:1031)
at org.testng.remote.AbstractRemoteTestNG.run(AbstractRemoteTestNG.java:115)
at org.testng.remote.RemoteTestNG.initAndRun(RemoteTestNG.java:251)
at org.testng.remote.RemoteTestNG.main(RemoteTestNG.java:77)
]]>
    </error>
  </testcase> <!-- SetInitialization -->
  <system-out/>
  <testcase classname="com.Test.Rankmfselenium.BasketSIPOrder" name="Clickon_logout" time="0.000">
    <skipped/>
  </testcase> <!-- Clickon_logout -->
  <system-out/>
  <testcase classname="com.Test.Rankmfselenium.BasketSIPOrder" name="Clickonbasketpage" time="0.000">
    <skipped/>
  </testcase> <!-- Clickonbasketpage -->
  <system-out/>
  <testcase classname="com.Test.Rankmfselenium.BasketSIPOrder" name="clickonconservative" time="0.000">
    <skipped/>
  </testcase> <!-- clickonconservative -->
  <system-out/>
  <testcase classname="com.Test.Rankmfselenium.BasketSIPOrder" name="check_fetchlumpsumsiptext" time="0.000">
    <skipped/>
  </testcase> <!-- check_fetchlumpsumsiptext -->
  <system-out/>
  <testcase classname="com.Test.Rankmfselenium.BasketSIPOrder" name="clickonSigninPage" time="0.000">
    <skipped/>
  </testcase> <!-- clickonSigninPage -->
  <system-out/>
  <testcase classname="com.Test.Rankmfselenium.BasketSIPOrder" name="Clickon_confirmcontinue" time="0.000">
    <skipped/>
  </testcase> <!-- Clickon_confirmcontinue -->
  <system-out/>
  <testcase classname="com.Test.Rankmfselenium.BasketSIPOrder" name="check_VerifyOTP" time="0.000">
    <skipped/>
  </testcase> <!-- check_VerifyOTP -->
  <system-out/>
  <testcase classname="com.Test.Rankmfselenium.BasketSIPOrder" name="check_enterotpnum" time="0.000">
    <skipped/>
  </testcase> <!-- check_enterotpnum -->
  <system-out/>
  <testcase classname="com.Test.Rankmfselenium.BasketSIPOrder" name="Orderplacetext" time="0.000">
    <skipped/>
  </testcase> <!-- Orderplacetext -->
  <system-out/>
  <testcase classname="com.Test.Rankmfselenium.BasketSIPOrder" name="Clickon_StartDate" time="0.000">
    <skipped/>
  </testcase> <!-- Clickon_StartDate -->
  <system-out/>
  <testcase classname="com.Test.Rankmfselenium.BasketSIPOrder" name="Click_logoutbtn" time="0.000">
    <skipped/>
  </testcase> <!-- Click_logoutbtn -->
  <system-out/>
</testsuite> <!-- com.Test.Rankmfselenium.BasketSIPOrder -->
