<?xml version="1.0" encoding="UTF-8"?>
<!-- Generated by org.testng.reporters.JUnitReportReporter -->
<<<<<<< HEAD
<testsuite hostname="DESKTOP-M8IT876" failures="0" tests="6" name="com.Test.Rankmfselenium.ExploreNewPageTest" time="173.989" errors="0" timestamp="2025-10-29T15:40:52 IST" skipped="0">
  <testcase classname="com.Test.Rankmfselenium.ExploreNewPageTest" name="Click_Myinvestment" time="64.420"/>
  <testcase classname="com.Test.Rankmfselenium.ExploreNewPageTest" name="enterotpnum" time="46.230"/>
  <testcase classname="com.Test.Rankmfselenium.ExploreNewPageTest" name="clickonSigninPage" time="2.361"/>
  <testcase classname="com.Test.Rankmfselenium.ExploreNewPageTest" name="Click_Explorerankmf" time="10.689"/>
  <testcase classname="com.Test.Rankmfselenium.ExploreNewPageTest" name="Click_Filter" time="41.138"/>
  <testcase classname="com.Test.Rankmfselenium.ExploreNewPageTest" name="Review_PaymentPage" time="9.151"/>
=======
<testsuite hostname="DESKTOP-M8IT876" failures="0" tests="6" name="com.Test.Rankmfselenium.ExploreNewPageTest" time="142.803" errors="0" timestamp="2025-10-13T17:42:26 IST" skipped="0">
  <testcase classname="com.Test.Rankmfselenium.ExploreNewPageTest" name="Click_Explorerankmf" time="5.903"/>
  <testcase classname="com.Test.Rankmfselenium.ExploreNewPageTest" name="Click_Filter" time="30.133"/>
  <testcase classname="com.Test.Rankmfselenium.ExploreNewPageTest" name="enterotpnum" time="27.578"/>
  <testcase classname="com.Test.Rankmfselenium.ExploreNewPageTest" name="Review_PaymentPage" time="9.557"/>
  <testcase classname="com.Test.Rankmfselenium.ExploreNewPageTest" name="clickonSigninPage" time="2.742"/>
  <testcase classname="com.Test.Rankmfselenium.ExploreNewPageTest" name="Click_Myinvestment" time="66.890"/>
>>>>>>> ee410d6c12b415293c21901c1d29a1db63f6a0d6
</testsuite> <!-- com.Test.Rankmfselenium.ExploreNewPageTest -->
