<?xml version="1.0" encoding="UTF-8"?>
<!-- Generated by org.testng.reporters.JUnitReportReporter -->
<testsuite hostname="DESKTOP-KMVAA5F" failures="0" tests="17" name="com.Test.Rankmfselenium.StepUpSipTest" time="95.947" errors="0" timestamp="2022-12-20T16:47:56 IST" skipped="0">
  <testcase classname="com.Test.Rankmfselenium.StepUpSipTest" name="click_InvestNowpopup" time="4.413"/>
  <system-out/>
  <testcase classname="com.Test.Rankmfselenium.StepUpSipTest" name="Click_Continue" time="2.108"/>
  <system-out/>
  <testcase classname="com.Test.Rankmfselenium.StepUpSipTest" name="driver_close" time="0.208"/>
  <system-out/>
  <testcase classname="com.Test.Rankmfselenium.StepUpSipTest" name="FetchOrderPlaceText_InvestNowPopupPercentage" time="44.654"/>
  <system-out/>
  <testcase classname="com.Test.Rankmfselenium.StepUpSipTest" name="Click_HomePage" time="6.477"/>
  <system-out/>
  <testcase classname="com.Test.Rankmfselenium.StepUpSipTest" name="clickonSigninPage" time="3.071"/>
  <system-out/>
  <testcase classname="com.Test.Rankmfselenium.StepUpSipTest" name="check_VerifyOTP" time="2.179"/>
  <system-out/>
  <testcase classname="com.Test.Rankmfselenium.StepUpSipTest" name="FetchOrderPlaceText_NormalSIP" time="4.165"/>
  <system-out/>
  <testcase classname="com.Test.Rankmfselenium.StepUpSipTest" name="click_INVEST" time="0.554"/>
  <system-out/>
  <testcase classname="com.Test.Rankmfselenium.StepUpSipTest" name="Search_Mutualfund" time="7.607"/>
  <system-out/>
  <testcase classname="com.Test.Rankmfselenium.StepUpSipTest" name="Click_logoutbtn" time="2.596"/>
  <system-out/>
  <testcase classname="com.Test.Rankmfselenium.StepUpSipTest" name="clickonSigninPage1" time="2.441"/>
  <system-out/>
  <testcase classname="com.Test.Rankmfselenium.StepUpSipTest" name="Clickon_confirmcontinue" time="2.132"/>
  <system-out/>
  <testcase classname="com.Test.Rankmfselenium.StepUpSipTest" name="InstallementStartdate" time="4.147"/>
  <system-out/>
  <testcase classname="com.Test.Rankmfselenium.StepUpSipTest" name="check_enterotpnum" time="3.762"/>
  <system-out/>
  <testcase classname="com.Test.Rankmfselenium.StepUpSipTest" name="Clickon_logout" time="3.214"/>
  <system-out/>
  <testcase classname="com.Test.Rankmfselenium.StepUpSipTest" name="Installementdate" time="2.219"/>
  <system-out/>
</testsuite> <!-- com.Test.Rankmfselenium.StepUpSipTest -->
