<?xml version="1.0" encoding="UTF-8"?>
<!-- Generated by org.testng.reporters.JUnitReportReporter -->
<testsuite hostname="DESKTOP-KMVAA5F" failures="0" tests="1" name="com.Test.Rankmfselenium.Email_sendTest" time="8.862" errors="0" timestamp="2022-11-11T17:22:14 IST" skipped="0">
  <testcase classname="com.Test.Rankmfselenium.Email_sendTest" name="Email_sendnotification" time="8.862"/>
  <system-out/>
</testsuite> <!-- com.Test.Rankmfselenium.Email_sendTest -->
