<?xml version="1.0" encoding="UTF-8"?>
<!-- Generated by org.testng.reporters.JUnitReportReporter -->
<testsuite hostname="DESKTOP-KMVAA5F" failures="0" tests="10" name="com.Test.Rankmfselenium.BasketlumpsumOrderNetBankingTest" time="47.449" errors="0" timestamp="2022-10-19T17:49:30 IST" skipped="0">
  <testcase classname="com.Test.Rankmfselenium.BasketlumpsumOrderNetBankingTest" name="clickoninvest" time="3.085"/>
  <system-out/>
  <testcase classname="com.Test.Rankmfselenium.BasketlumpsumOrderNetBankingTest" name="clickonpaymentmode" time="2.217"/>
  <system-out/>
  <testcase classname="com.Test.Rankmfselenium.BasketlumpsumOrderNetBankingTest" name="RedirectNetbankingurl" time="3.114"/>
  <system-out/>
  <testcase classname="com.Test.Rankmfselenium.BasketlumpsumOrderNetBankingTest" name="clickonbasketpage" time="2.919"/>
  <system-out/>
  <testcase classname="com.Test.Rankmfselenium.BasketlumpsumOrderNetBankingTest" name="Click_logoutbtn" time="18.859"/>
  <system-out/>
  <testcase classname="com.Test.Rankmfselenium.BasketlumpsumOrderNetBankingTest" name="Clickon_logout" time="3.165"/>
  <system-out/>
  <testcase classname="com.Test.Rankmfselenium.BasketlumpsumOrderNetBankingTest" name="ClickonVerifyOTP" time="2.164"/>
  <system-out/>
  <testcase classname="com.Test.Rankmfselenium.BasketlumpsumOrderNetBankingTest" name="Clickonconservative" time="4.154"/>
  <system-out/>
  <testcase classname="com.Test.Rankmfselenium.BasketlumpsumOrderNetBankingTest" name="enterotpnum" time="7.380"/>
  <system-out/>
  <testcase classname="com.Test.Rankmfselenium.BasketlumpsumOrderNetBankingTest" name="clickonSigninPage" time="0.392"/>
  <system-out/>
</testsuite> <!-- com.Test.Rankmfselenium.BasketlumpsumOrderNetBankingTest -->
