<?xml version="1.0" encoding="UTF-8"?>
<!-- Generated by org.testng.reporters.JUnitReportReporter -->
<testsuite hostname="DESKTOP-M8IT876" failures="0" tests="6" name="com.Test.Rankmfselenium.ExploreNewPageTest" time="142.803" errors="0" timestamp="2025-10-13T17:42:26 IST" skipped="0">
  <testcase classname="com.Test.Rankmfselenium.ExploreNewPageTest" name="Click_Explorerankmf" time="5.903"/>
  <testcase classname="com.Test.Rankmfselenium.ExploreNewPageTest" name="Click_Filter" time="30.133"/>
  <testcase classname="com.Test.Rankmfselenium.ExploreNewPageTest" name="enterotpnum" time="27.578"/>
  <testcase classname="com.Test.Rankmfselenium.ExploreNewPageTest" name="Review_PaymentPage" time="9.557"/>
  <testcase classname="com.Test.Rankmfselenium.ExploreNewPageTest" name="clickonSigninPage" time="2.742"/>
  <testcase classname="com.Test.Rankmfselenium.ExploreNewPageTest" name="Click_Myinvestment" time="66.890"/>
</testsuite> <!-- com.Test.Rankmfselenium.ExploreNewPageTest -->
