<?xml version="1.0" encoding="UTF-8"?>
<!-- Generated by org.testng.reporters.JUnitReportReporter -->
<testsuite hostname="DESKTOP-M8IT876" failures="0" tests="5" name="com.Test.PartnersRankmf.PartnerDashbaordPageTest" time="0.088" errors="1" timestamp="2025-05-26T11:44:39 IST" skipped="4">
  <testcase classname="com.Test.PartnersRankmf.PartnerDashbaordPageTest" name="CRM_Tab" time="0.000">
    <skipped/>
  </testcase> <!-- CRM_Tab -->
  <testcase classname="com.Test.PartnersRankmf.PartnerDashbaordPageTest" name="setInitialization" time="0.087">
    <error message="The driver executable does not exist: C:\Users\samco\eclipse-workspace\RankmfwebApplication\chromedriver-win64\chromedriver.exe" type="java.lang.IllegalStateException">
      <![CDATA[java.lang.IllegalStateException: The driver executable does not exist: C:\Users\samco\eclipse-workspace\RankmfwebApplication\chromedriver-win64\chromedriver.exe
at com.google.common.base.Preconditions.checkState(Preconditions.java:585)
at org.openqa.selenium.remote.service.DriverService.checkExecutable(DriverService.java:146)
at org.openqa.selenium.remote.service.DriverService.findExecutable(DriverService.java:141)
at org.openqa.selenium.chrome.ChromeDriverService.access$000(ChromeDriverService.java:35)
at org.openqa.selenium.chrome.ChromeDriverService$Builder.findDefaultExecutable(ChromeDriverService.java:159)
at org.openqa.selenium.remote.service.DriverService$Builder.build(DriverService.java:355)
at org.openqa.selenium.chrome.ChromeDriverService.createDefaultService(ChromeDriverService.java:94)
at org.openqa.selenium.chrome.ChromeDriver.<init>(ChromeDriver.java:123)
at RankmfBase.PartnerTestBase.initialization(PartnerTestBase.java:53)
at com.Test.PartnersRankmf.PartnerDashbaordPageTest.setInitialization(PartnerDashbaordPageTest.java:27)
at java.base/jdk.internal.reflect.DirectMethodHandleAccessor.invoke(DirectMethodHandleAccessor.java:103)
at java.base/java.lang.reflect.Method.invoke(Method.java:580)
at org.testng.internal.invokers.MethodInvocationHelper.invokeMethod(MethodInvocationHelper.java:141)
at org.testng.internal.invokers.MethodInvocationHelper.invokeMethodConsideringTimeout(MethodInvocationHelper.java:71)
at org.testng.internal.invokers.ConfigInvoker.invokeConfigurationMethod(ConfigInvoker.java:400)
at org.testng.internal.invokers.ConfigInvoker.invokeConfigurations(ConfigInvoker.java:333)
at org.testng.internal.invokers.TestMethodWorker.invokeBeforeClassMethods(TestMethodWorker.java:188)
at org.testng.internal.invokers.TestMethodWorker.run(TestMethodWorker.java:128)
at java.base/java.util.ArrayList.forEach(ArrayList.java:1597)
at org.testng.TestRunner.privateRun(TestRunner.java:741)
at org.testng.TestRunner.run(TestRunner.java:616)
at org.testng.SuiteRunner.runTest(SuiteRunner.java:421)
at org.testng.SuiteRunner.runSequentially(SuiteRunner.java:413)
at org.testng.SuiteRunner.privateRun(SuiteRunner.java:373)
at org.testng.SuiteRunner.run(SuiteRunner.java:312)
at org.testng.SuiteRunnerWorker.runSuite(SuiteRunnerWorker.java:52)
at org.testng.SuiteRunnerWorker.run(SuiteRunnerWorker.java:95)
at org.testng.TestNG.runSuitesSequentially(TestNG.java:1274)
at org.testng.TestNG.runSuitesLocally(TestNG.java:1208)
at org.testng.TestNG.runSuites(TestNG.java:1112)
at org.testng.TestNG.run(TestNG.java:1079)
at org.testng.remote.AbstractRemoteTestNG.run(AbstractRemoteTestNG.java:115)
at org.testng.remote.RemoteTestNG.initAndRun(RemoteTestNG.java:293)
at org.testng.remote.RemoteTestNG.main(RemoteTestNG.java:91)
]]>
    </error>
  </testcase> <!-- setInitialization -->
  <testcase classname="com.Test.PartnersRankmf.PartnerDashbaordPageTest" name="DashbaordPage" time="0.001">
    <skipped/>
  </testcase> <!-- DashbaordPage -->
  <testcase classname="com.Test.PartnersRankmf.PartnerDashbaordPageTest" name="clickonLoginpage" time="0.000">
    <skipped/>
  </testcase> <!-- clickonLoginpage -->
  <testcase classname="com.Test.PartnersRankmf.PartnerDashbaordPageTest" name="ClickonSigninPage" time="0.000">
    <skipped/>
  </testcase> <!-- ClickonSigninPage -->
</testsuite> <!-- com.Test.PartnersRankmf.PartnerDashbaordPageTest -->
