<?xml version="1.0" encoding="UTF-8"?>
<!-- Generated by org.testng.reporters.JUnitReportReporter -->
<testsuite hostname="DESKTOP-KMVAA5F" failures="0" tests="1" name="com.Test.Rankmfselenium.TERA_DATATEST" time="731.083" errors="0" timestamp="2023-02-21T15:58:50 IST" skipped="0">
  <testcase classname="com.Test.Rankmfselenium.TERA_DATATEST" name="Tera_data" time="731.083"/>
  <system-out/>
</testsuite> <!-- com.Test.Rankmfselenium.TERA_DATATEST -->
