<?xml version="1.0" encoding="UTF-8"?>
<!-- Generated by org.testng.reporters.JUnitReportReporter -->
<testsuite hostname="DESKTOP-KMVAA5F" failures="0" tests="8" name="com.Test.Rankmfselenium.BasketlumpsumOrderTest" time="25.703" errors="0" timestamp="2022-10-11T12:37:24 IST" skipped="0">
  <testcase classname="com.Test.Rankmfselenium.BasketlumpsumOrderTest" name="clickoninvest" time="3.088"/>
  <system-out/>
  <testcase classname="com.Test.Rankmfselenium.BasketlumpsumOrderTest" name="clickonpaymentmode" time="2.222"/>
  <system-out/>
  <testcase classname="com.Test.Rankmfselenium.BasketlumpsumOrderTest" name="clickonbasketpage" time="3.032"/>
  <system-out/>
  <testcase classname="com.Test.Rankmfselenium.BasketlumpsumOrderTest" name="Clickonconservative" time="3.765"/>
  <system-out/>
  <testcase classname="com.Test.Rankmfselenium.BasketlumpsumOrderTest" name="RedirectNetbankingurl" time="3.117"/>
  <system-out/>
  <testcase classname="com.Test.Rankmfselenium.BasketlumpsumOrderTest" name="ClickonVerifyOTP" time="2.188"/>
  <system-out/>
  <testcase classname="com.Test.Rankmfselenium.BasketlumpsumOrderTest" name="enterotpnum" time="7.674"/>
  <system-out/>
  <testcase classname="com.Test.Rankmfselenium.BasketlumpsumOrderTest" name="clickonSigninPage" time="0.617"/>
  <system-out/>
</testsuite> <!-- com.Test.Rankmfselenium.BasketlumpsumOrderTest -->
