<?xml version="1.0" encoding="UTF-8"?>
<!-- Generated by org.testng.reporters.JUnitReportReporter -->
<testsuite hostname="DESKTOP-KMVAA5F" failures="0" tests="17" name="com.Test.Rankmfselenium.BasketNormalSiporderTest" time="72.353" errors="0" timestamp="2022-10-11T11:21:50 IST" skipped="0">
  <testcase classname="com.Test.Rankmfselenium.BasketNormalSiporderTest" name="Startdatepicker" time="1.680"/>
  <system-out/>
  <testcase classname="com.Test.Rankmfselenium.BasketNormalSiporderTest" name="Clickon_fetchnormalpalcedorder" time="3.054"/>
  <system-out/>
  <testcase classname="com.Test.Rankmfselenium.BasketNormalSiporderTest" name="Clickon_confirmcontinue" time="2.111"/>
  <system-out/>
  <testcase classname="com.Test.Rankmfselenium.BasketNormalSiporderTest" name="Click_Normalsip" time="6.338"/>
  <system-out/>
  <testcase classname="com.Test.Rankmfselenium.BasketNormalSiporderTest" name="Click_sipcontinuebtn" time="2.294"/>
  <system-out/>
  <testcase classname="com.Test.Rankmfselenium.BasketNormalSiporderTest" name="InstallementStartdate" time="3.111"/>
  <system-out/>
  <testcase classname="com.Test.Rankmfselenium.BasketNormalSiporderTest" name="Clickon_logout" time="2.169"/>
  <system-out/>
  <testcase classname="com.Test.Rankmfselenium.BasketNormalSiporderTest" name="Click_continuebtn" time="2.124"/>
  <system-out/>
  <testcase classname="com.Test.Rankmfselenium.BasketNormalSiporderTest" name="Click_logoutbtn" time="18.940"/>
  <system-out/>
  <testcase classname="com.Test.Rankmfselenium.BasketNormalSiporderTest" name="check_enterotpnum" time="2.527"/>
  <system-out/>
  <testcase classname="com.Test.Rankmfselenium.BasketNormalSiporderTest" name="search_mutualfunds" time="7.687"/>
  <system-out/>
  <testcase classname="com.Test.Rankmfselenium.BasketNormalSiporderTest" name="Clickon_cancelsmartsiporder" time="9.743"/>
  <system-out/>
  <testcase classname="com.Test.Rankmfselenium.BasketNormalSiporderTest" name="check_VerifyOTP" time="2.196"/>
  <system-out/>
  <testcase classname="com.Test.Rankmfselenium.BasketNormalSiporderTest" name="Clickon_TotalInvestmentvalue" time="2.085"/>
  <system-out/>
  <testcase classname="com.Test.Rankmfselenium.BasketNormalSiporderTest" name="Click_HomePage" time="2.658"/>
  <system-out/>
  <testcase classname="com.Test.Rankmfselenium.BasketNormalSiporderTest" name="ClickonSigninPage" time="0.469"/>
  <system-out/>
  <testcase classname="com.Test.Rankmfselenium.BasketNormalSiporderTest" name="Clickon_skipstep" time="3.167"/>
  <system-out/>
</testsuite> <!-- com.Test.Rankmfselenium.BasketNormalSiporderTest -->
