<?xml version="1.0" encoding="UTF-8"?>
<!-- Generated by org.testng.reporters.JUnitReportReporter -->
<testsuite hostname="DESKTOP-M8IT876" failures="0" tests="6" name="com.Test.PartnersRankmf.Partners_ActiveRateCardTest" time="40.560" errors="0" timestamp="2025-10-29T15:37:31 IST" skipped="0">
  <testcase classname="com.Test.PartnersRankmf.Partners_ActiveRateCardTest" name="DashbaordPage" time="7.189"/>
  <testcase classname="com.Test.PartnersRankmf.Partners_ActiveRateCardTest" name="AmountInvest" time="8.474"/>
  <testcase classname="com.Test.PartnersRankmf.Partners_ActiveRateCardTest" name="clickonLoginpage" time="2.189"/>
  <testcase classname="com.Test.PartnersRankmf.Partners_ActiveRateCardTest" name="Brokeraged" time="4.361"/>
  <testcase classname="com.Test.PartnersRankmf.Partners_ActiveRateCardTest" name="Search_AMC" time="15.293"/>
  <testcase classname="com.Test.PartnersRankmf.Partners_ActiveRateCardTest" name="ClickonSigninPage" time="3.054"/>
</testsuite> <!-- com.Test.PartnersRankmf.Partners_ActiveRateCardTest -->
