<?xml version="1.0" encoding="UTF-8"?>
<!-- Generated by org.testng.reporters.JUnitReportReporter -->
<testsuite hostname="DESKTOP-KMVAA5F" failures="0" tests="13" name="com.Test.Rankmfselenium.Basketsmartswitchportfolio" time="2.366" errors="1" timestamp="2022-12-12T17:58:45 IST" skipped="12">
  <testcase classname="com.Test.Rankmfselenium.Basketsmartswitchportfolio" name="setInitialization" time="2.366">
    <error message="null value in entry: url=null" type="java.lang.NullPointerException">
      <![CDATA[java.lang.NullPointerException: null value in entry: url=null
at com.google.common.collect.CollectPreconditions.checkEntryNotNull(CollectPreconditions.java:32)
at com.google.common.collect.SingletonImmutableBiMap.<init>(SingletonImmutableBiMap.java:42)
at com.google.common.collect.ImmutableBiMap.of(ImmutableBiMap.java:72)
at com.google.common.collect.ImmutableMap.of(ImmutableMap.java:124)
at org.openqa.selenium.remote.RemoteWebDriver.get(RemoteWebDriver.java:277)
at RankmfBase.TestBase.initialization(TestBase.java:63)
at com.Test.Rankmfselenium.Basketsmartswitchportfolio.setInitialization(Basketsmartswitchportfolio.java:30)
at java.base/jdk.internal.reflect.NativeMethodAccessorImpl.invoke0(Native Method)
at java.base/jdk.internal.reflect.NativeMethodAccessorImpl.invoke(NativeMethodAccessorImpl.java:62)
at java.base/jdk.internal.reflect.DelegatingMethodAccessorImpl.invoke(DelegatingMethodAccessorImpl.java:43)
at java.base/java.lang.reflect.Method.invoke(Method.java:566)
at org.testng.internal.MethodInvocationHelper.invokeMethod(MethodInvocationHelper.java:133)
at org.testng.internal.MethodInvocationHelper.invokeMethodConsideringTimeout(MethodInvocationHelper.java:62)
at org.testng.internal.ConfigInvoker.invokeConfigurationMethod(ConfigInvoker.java:385)
at org.testng.internal.ConfigInvoker.invokeConfigurations(ConfigInvoker.java:321)
at org.testng.internal.TestMethodWorker.invokeBeforeClassMethods(TestMethodWorker.java:176)
at org.testng.internal.TestMethodWorker.run(TestMethodWorker.java:122)
at java.base/java.util.ArrayList.forEach(ArrayList.java:1540)
at org.testng.TestRunner.privateRun(TestRunner.java:794)
at org.testng.TestRunner.run(TestRunner.java:596)
at org.testng.SuiteRunner.runTest(SuiteRunner.java:377)
at org.testng.SuiteRunner.runSequentially(SuiteRunner.java:371)
at org.testng.SuiteRunner.privateRun(SuiteRunner.java:332)
at org.testng.SuiteRunner.run(SuiteRunner.java:276)
at org.testng.SuiteRunnerWorker.runSuite(SuiteRunnerWorker.java:53)
at org.testng.SuiteRunnerWorker.run(SuiteRunnerWorker.java:96)
at org.testng.TestNG.runSuitesSequentially(TestNG.java:1212)
at org.testng.TestNG.runSuitesLocally(TestNG.java:1134)
at org.testng.TestNG.runSuites(TestNG.java:1063)
at org.testng.TestNG.run(TestNG.java:1031)
at org.testng.remote.AbstractRemoteTestNG.run(AbstractRemoteTestNG.java:115)
at org.testng.remote.RemoteTestNG.initAndRun(RemoteTestNG.java:251)
at org.testng.remote.RemoteTestNG.main(RemoteTestNG.java:77)
]]>
    </error>
  </testcase> <!-- setInitialization -->
  <system-out/>
  <testcase classname="com.Test.Rankmfselenium.Basketsmartswitchportfolio" name="Clickon_portfolio" time="0.000">
    <skipped/>
  </testcase> <!-- Clickon_portfolio -->
  <system-out/>
  <testcase classname="com.Test.Rankmfselenium.Basketsmartswitchportfolio" name="Click_proceedbutton" time="0.000">
    <skipped/>
  </testcase> <!-- Click_proceedbutton -->
  <system-out/>
  <testcase classname="com.Test.Rankmfselenium.Basketsmartswitchportfolio" name="check_enterotpnum" time="0.000">
    <skipped/>
  </testcase> <!-- check_enterotpnum -->
  <system-out/>
  <testcase classname="com.Test.Rankmfselenium.Basketsmartswitchportfolio" name="Click_submitOtpBtn" time="0.000">
    <skipped/>
  </testcase> <!-- Click_submitOtpBtn -->
  <system-out/>
  <testcase classname="com.Test.Rankmfselenium.Basketsmartswitchportfolio" name="ClickonSigninPage" time="0.000">
    <skipped/>
  </testcase> <!-- ClickonSigninPage -->
  <system-out/>
  <testcase classname="com.Test.Rankmfselenium.Basketsmartswitchportfolio" name="uploadcasfile" time="0.000">
    <skipped/>
  </testcase> <!-- uploadcasfile -->
  <system-out/>
  <testcase classname="com.Test.Rankmfselenium.Basketsmartswitchportfolio" name="Clickon_browse" time="0.000">
    <skipped/>
  </testcase> <!-- Clickon_browse -->
  <system-out/>
  <testcase classname="com.Test.Rankmfselenium.Basketsmartswitchportfolio" name="Clickon_uploadbtn" time="0.000">
    <skipped/>
  </testcase> <!-- Clickon_uploadbtn -->
  <system-out/>
  <testcase classname="com.Test.Rankmfselenium.Basketsmartswitchportfolio" name="Click_initiateswitch" time="0.000">
    <skipped/>
  </testcase> <!-- Click_initiateswitch -->
  <system-out/>
  <testcase classname="com.Test.Rankmfselenium.Basketsmartswitchportfolio" name="ClickonEvaluateportfolio" time="0.000">
    <skipped/>
  </testcase> <!-- ClickonEvaluateportfolio -->
  <system-out/>
  <testcase classname="com.Test.Rankmfselenium.Basketsmartswitchportfolio" name="Checkdetails_portfolioanalysis" time="0.000">
    <skipped/>
  </testcase> <!-- Checkdetails_portfolioanalysis -->
  <system-out/>
  <testcase classname="com.Test.Rankmfselenium.Basketsmartswitchportfolio" name="Click_logoutbtn" time="0.000">
    <skipped/>
  </testcase> <!-- Click_logoutbtn -->
  <system-out/>
</testsuite> <!-- com.Test.Rankmfselenium.Basketsmartswitchportfolio -->
