<?xml version="1.0" encoding="UTF-8"?>
<!-- Generated by org.testng.reporters.JUnitReportReporter -->
<testsuite hostname="DESKTOP-KMVAA5F" failures="0" tests="18" name="com.Test.Rankmfselenium.NormalSiporderTest" time="4.028" errors="1" timestamp="2022-12-12T16:48:22 IST" skipped="17">
  <testcase classname="com.Test.Rankmfselenium.NormalSiporderTest" name="Click_logoutbtn" time="0.000">
    <skipped/>
  </testcase> <!-- Click_logoutbtn -->
  <system-out/>
  <testcase classname="com.Test.Rankmfselenium.NormalSiporderTest" name="Clickon_TotalInvestmentvalue" time="0.000">
    <skipped/>
  </testcase> <!-- Clickon_TotalInvestmentvalue -->
  <system-out/>
  <testcase classname="com.Test.Rankmfselenium.NormalSiporderTest" name="SetInitialization" time="4.028">
    <error message="session not created: This version of ChromeDriver only supports Chrome version 106
Current browser version is 108.0.5359.99 with binary path C:\Program Files (x86)\Google\Chrome\Application\chrome.exe
Build info: version: &#039;3.141.59&#039;, revision: &#039;e82be7d358&#039;, time: &#039;2018-11-14T08:17:03&#039;
System info: host: &#039;DESKTOP-KMVAA5F&#039;, ip: &#039;192.168.80.50&#039;, os.name: &#039;Windows 10&#039;, os.arch: &#039;amd64&#039;, os.version: &#039;10.0&#039;, java.version: &#039;11&#039;
Driver info: driver.version: ChromeDriver
remote stacktrace: Backtrace:
	Ordinal0 [0x00601ED3+2236115]
	Ordinal0 [0x005992F1+1807089]
	Ordinal0 [0x004A66FD+812797]
	Ordinal0 [0x004C8C6D+953453]
	Ordinal0 [0x004C4200+934400]
	Ordinal0 [0x004C19C9+924105]
	Ordinal0 [0x004F806C+1146988]
	Ordinal0 [0x004F7A6A+1145450]
	Ordinal0 [0x004F18A6+1120422]
	Ordinal0 [0x004CA73D+960317]
	Ordinal0 [0x004CB71F+964383]
	GetHandleVerifier [0x008AE7E2+2743074]
	GetHandleVerifier [0x008A08D4+2685972]
	GetHandleVerifier [0x00692BAA+532202]
	GetHandleVerifier [0x00691990+527568]
	Ordinal0 [0x005A080C+1837068]
	Ordinal0 [0x005A4CD8+1854680]
	Ordinal0 [0x005A4DC5+1854917]
	Ordinal0 [0x005AED64+1895780]
	BaseThreadInitThunk [0x76816939+25]
	RtlGetFullPathName_UEx [0x77878FD2+1218]
	RtlGetFullPathName_UEx [0x77878F9D+1165]
" type="org.openqa.selenium.SessionNotCreatedException">
      <![CDATA[org.openqa.selenium.SessionNotCreatedException: session not created: This version of ChromeDriver only supports Chrome version 106
Current browser version is 108.0.5359.99 with binary path C:\Program Files (x86)\Google\Chrome\Application\chrome.exe
Build info: version: '3.141.59', revision: 'e82be7d358', time: '2018-11-14T08:17:03'
System info: host: 'DESKTOP-KMVAA5F', ip: '192.168.80.50', os.name: 'Windows 10', os.arch: 'amd64', os.version: '10.0', java.version: '11'
Driver info: driver.version: ChromeDriver
remote stacktrace: Backtrace:
Ordinal0 [0x00601ED3+2236115]
Ordinal0 [0x005992F1+1807089]
Ordinal0 [0x004A66FD+812797]
Ordinal0 [0x004C8C6D+953453]
Ordinal0 [0x004C4200+934400]
Ordinal0 [0x004C19C9+924105]
Ordinal0 [0x004F806C+1146988]
Ordinal0 [0x004F7A6A+1145450]
Ordinal0 [0x004F18A6+1120422]
Ordinal0 [0x004CA73D+960317]
Ordinal0 [0x004CB71F+964383]
GetHandleVerifier [0x008AE7E2+2743074]
GetHandleVerifier [0x008A08D4+2685972]
GetHandleVerifier [0x00692BAA+532202]
GetHandleVerifier [0x00691990+527568]
Ordinal0 [0x005A080C+1837068]
Ordinal0 [0x005A4CD8+1854680]
Ordinal0 [0x005A4DC5+1854917]
Ordinal0 [0x005AED64+1895780]
BaseThreadInitThunk [0x76816939+25]
RtlGetFullPathName_UEx [0x77878FD2+1218]
RtlGetFullPathName_UEx [0x77878F9D+1165]

at java.base/jdk.internal.reflect.NativeConstructorAccessorImpl.newInstance0(Native Method)
at java.base/jdk.internal.reflect.NativeConstructorAccessorImpl.newInstance(NativeConstructorAccessorImpl.java:62)
at java.base/jdk.internal.reflect.DelegatingConstructorAccessorImpl.newInstance(DelegatingConstructorAccessorImpl.java:45)
at java.base/java.lang.reflect.Constructor.newInstance(Constructor.java:490)
at org.openqa.selenium.remote.W3CHandshakeResponse.lambda$errorHandler$0(W3CHandshakeResponse.java:62)
at org.openqa.selenium.remote.HandshakeResponse.lambda$getResponseFunction$0(HandshakeResponse.java:30)
at org.openqa.selenium.remote.ProtocolHandshake.lambda$createSession$0(ProtocolHandshake.java:126)
at java.base/java.util.stream.ReferencePipeline$3$1.accept(ReferencePipeline.java:195)
at java.base/java.util.Spliterators$ArraySpliterator.tryAdvance(Spliterators.java:958)
at java.base/java.util.stream.ReferencePipeline.forEachWithCancel(ReferencePipeline.java:127)
at java.base/java.util.stream.AbstractPipeline.copyIntoWithCancel(AbstractPipeline.java:502)
at java.base/java.util.stream.AbstractPipeline.copyInto(AbstractPipeline.java:488)
at java.base/java.util.stream.AbstractPipeline.wrapAndCopyInto(AbstractPipeline.java:474)
at java.base/java.util.stream.FindOps$FindOp.evaluateSequential(FindOps.java:150)
at java.base/java.util.stream.AbstractPipeline.evaluate(AbstractPipeline.java:234)
at java.base/java.util.stream.ReferencePipeline.findFirst(ReferencePipeline.java:543)
at org.openqa.selenium.remote.ProtocolHandshake.createSession(ProtocolHandshake.java:128)
at org.openqa.selenium.remote.ProtocolHandshake.createSession(ProtocolHandshake.java:74)
at org.openqa.selenium.remote.HttpCommandExecutor.execute(HttpCommandExecutor.java:136)
at org.openqa.selenium.remote.service.DriverCommandExecutor.execute(DriverCommandExecutor.java:83)
at org.openqa.selenium.remote.RemoteWebDriver.execute(RemoteWebDriver.java:552)
at org.openqa.selenium.remote.RemoteWebDriver.startSession(RemoteWebDriver.java:213)
at org.openqa.selenium.remote.RemoteWebDriver.<init>(RemoteWebDriver.java:131)
at org.openqa.selenium.chrome.ChromeDriver.<init>(ChromeDriver.java:181)
at org.openqa.selenium.chrome.ChromeDriver.<init>(ChromeDriver.java:168)
at org.openqa.selenium.chrome.ChromeDriver.<init>(ChromeDriver.java:123)
at RankmfBase.TestBase.initialization(TestBase.java:46)
at com.Test.Rankmfselenium.NormalSiporderTest.SetInitialization(NormalSiporderTest.java:35)
at java.base/jdk.internal.reflect.NativeMethodAccessorImpl.invoke0(Native Method)
at java.base/jdk.internal.reflect.NativeMethodAccessorImpl.invoke(NativeMethodAccessorImpl.java:62)
at java.base/jdk.internal.reflect.DelegatingMethodAccessorImpl.invoke(DelegatingMethodAccessorImpl.java:43)
at java.base/java.lang.reflect.Method.invoke(Method.java:566)
at org.testng.internal.MethodInvocationHelper.invokeMethod(MethodInvocationHelper.java:133)
at org.testng.internal.MethodInvocationHelper.invokeMethodConsideringTimeout(MethodInvocationHelper.java:62)
at org.testng.internal.ConfigInvoker.invokeConfigurationMethod(ConfigInvoker.java:385)
at org.testng.internal.ConfigInvoker.invokeConfigurations(ConfigInvoker.java:321)
at org.testng.internal.TestMethodWorker.invokeBeforeClassMethods(TestMethodWorker.java:176)
at org.testng.internal.TestMethodWorker.run(TestMethodWorker.java:122)
at java.base/java.util.ArrayList.forEach(ArrayList.java:1540)
at org.testng.TestRunner.privateRun(TestRunner.java:794)
at org.testng.TestRunner.run(TestRunner.java:596)
at org.testng.SuiteRunner.runTest(SuiteRunner.java:377)
at org.testng.SuiteRunner.runSequentially(SuiteRunner.java:371)
at org.testng.SuiteRunner.privateRun(SuiteRunner.java:332)
at org.testng.SuiteRunner.run(SuiteRunner.java:276)
at org.testng.SuiteRunnerWorker.runSuite(SuiteRunnerWorker.java:53)
at org.testng.SuiteRunnerWorker.run(SuiteRunnerWorker.java:96)
at org.testng.TestNG.runSuitesSequentially(TestNG.java:1212)
at org.testng.TestNG.runSuitesLocally(TestNG.java:1134)
at org.testng.TestNG.runSuites(TestNG.java:1063)
at org.testng.TestNG.run(TestNG.java:1031)
at org.testng.remote.AbstractRemoteTestNG.run(AbstractRemoteTestNG.java:115)
at org.testng.remote.RemoteTestNG.initAndRun(RemoteTestNG.java:251)
at org.testng.remote.RemoteTestNG.main(RemoteTestNG.java:77)
]]>
    </error>
  </testcase> <!-- SetInitialization -->
  <system-out/>
  <testcase classname="com.Test.Rankmfselenium.NormalSiporderTest" name="Click_Normalsip" time="0.000">
    <skipped/>
  </testcase> <!-- Click_Normalsip -->
  <system-out/>
  <testcase classname="com.Test.Rankmfselenium.NormalSiporderTest" name="FetchOrderPlaceText_NormalSIP" time="0.000">
    <skipped/>
  </testcase> <!-- FetchOrderPlaceText_NormalSIP -->
  <system-out/>
  <testcase classname="com.Test.Rankmfselenium.NormalSiporderTest" name="Click_sipcontinuebtn" time="0.000">
    <skipped/>
  </testcase> <!-- Click_sipcontinuebtn -->
  <system-out/>
  <testcase classname="com.Test.Rankmfselenium.NormalSiporderTest" name="Click_continuebtn" time="0.000">
    <skipped/>
  </testcase> <!-- Click_continuebtn -->
  <system-out/>
  <testcase classname="com.Test.Rankmfselenium.NormalSiporderTest" name="InstallementStartdate" time="0.000">
    <skipped/>
  </testcase> <!-- InstallementStartdate -->
  <system-out/>
  <testcase classname="com.Test.Rankmfselenium.NormalSiporderTest" name="Clickon_cancelsmartSiporder" time="0.000">
    <skipped/>
  </testcase> <!-- Clickon_cancelsmartSiporder -->
  <system-out/>
  <testcase classname="com.Test.Rankmfselenium.NormalSiporderTest" name="Clickon_confirmcontinue" time="0.000">
    <skipped/>
  </testcase> <!-- Clickon_confirmcontinue -->
  <system-out/>
  <testcase classname="com.Test.Rankmfselenium.NormalSiporderTest" name="Clickon_skipstep" time="0.000">
    <skipped/>
  </testcase> <!-- Clickon_skipstep -->
  <system-out/>
  <testcase classname="com.Test.Rankmfselenium.NormalSiporderTest" name="Clickon_logout" time="0.000">
    <skipped/>
  </testcase> <!-- Clickon_logout -->
  <system-out/>
  <testcase classname="com.Test.Rankmfselenium.NormalSiporderTest" name="Click_HomePage" time="0.000">
    <skipped/>
  </testcase> <!-- Click_HomePage -->
  <system-out/>
  <testcase classname="com.Test.Rankmfselenium.NormalSiporderTest" name="Startdatepicker" time="0.000">
    <skipped/>
  </testcase> <!-- Startdatepicker -->
  <system-out/>
  <testcase classname="com.Test.Rankmfselenium.NormalSiporderTest" name="check_VerifyOTP" time="0.000">
    <skipped/>
  </testcase> <!-- check_VerifyOTP -->
  <system-out/>
  <testcase classname="com.Test.Rankmfselenium.NormalSiporderTest" name="check_enterotpnum" time="0.000">
    <skipped/>
  </testcase> <!-- check_enterotpnum -->
  <system-out/>
  <testcase classname="com.Test.Rankmfselenium.NormalSiporderTest" name="search_mutualfunds" time="0.000">
    <skipped/>
  </testcase> <!-- search_mutualfunds -->
  <system-out/>
  <testcase classname="com.Test.Rankmfselenium.NormalSiporderTest" name="ClickonSigninPage" time="0.000">
    <skipped/>
  </testcase> <!-- ClickonSigninPage -->
  <system-out/>
</testsuite> <!-- com.Test.Rankmfselenium.NormalSiporderTest -->
