<?xml version="1.0" encoding="UTF-8"?>
<!-- Generated by org.testng.reporters.JUnitReportReporter -->
<testsuite hostname="DESKTOP-KMVAA5F" failures="0" tests="8" name="com.Test.Rankmfselenium.BasketlumpsumOrderTest" time="26.001" errors="0" timestamp="2022-05-10T11:23:48 IST" skipped="0">
  <testcase classname="com.Test.Rankmfselenium.BasketlumpsumOrderTest" name="clickoninvest" time="3.187"/>
  <system-out/>
  <testcase classname="com.Test.Rankmfselenium.BasketlumpsumOrderTest" name="enterotpnum" time="2.738"/>
  <system-out/>
  <testcase classname="com.Test.Rankmfselenium.BasketlumpsumOrderTest" name="clickonbasketpage" time="4.631"/>
  <system-out/>
  <testcase classname="com.Test.Rankmfselenium.BasketlumpsumOrderTest" name="Clickonconservative" time="6.524"/>
  <system-out/>
  <testcase classname="com.Test.Rankmfselenium.BasketlumpsumOrderTest" name="clickonpaymentmode" time="2.359"/>
  <system-out/>
  <testcase classname="com.Test.Rankmfselenium.BasketlumpsumOrderTest" name="ClickonVerifyOTP" time="2.306"/>
  <system-out/>
  <testcase classname="com.Test.Rankmfselenium.BasketlumpsumOrderTest" name="clickonSigninPage" time="0.973"/>
  <system-out/>
  <testcase classname="com.Test.Rankmfselenium.BasketlumpsumOrderTest" name="RedirectNetbankingurl" time="3.283"/>
  <system-out/>
</testsuite> <!-- com.Test.Rankmfselenium.BasketlumpsumOrderTest -->
